<?xml version="1.0" encoding="UTF-8"?>
<!-- Generated by org.testng.reporters.JUnitReportReporter -->
<testsuite skipped="0" hostname="sanupindi" name="SumValidation" tests="1" failures="0" timestamp="2021-02-10T23:26:59 EST" time="2.798" errors="0">
  <testcase name="SumOfCourses" time="2.798" classname="SumValidation"/>
  <system-out/>
</testsuite> <!-- SumValidation -->
